[2023-03-26 22:19:39.274] [warn]  [Motrix] Logger init
[2023-03-26 22:19:47.865] [warn]  [Motrix] auto sync tracker data: [
  'udp://93.158.213.92:1337/announce\n' +
    '\n' +
    'udp://23.137.251.45:6969/announce\n' +
    '\n' +
    'udp://45.154.253.8:6969/announce\n' +
    '\n' +
    'udp://151.80.120.115:2810/announce\n' +
    '\n' +
    'udp://185.44.82.25:1337/announce\n' +
    '\n' +
    'udp://208.83.20.20:6969/announce\n' +
    '\n' +
    'udp://185.181.60.155:80/announce\n' +
    '\n' +
    'udp://91.216.110.53:451/announce\n' +
    '\n' +
    'udp://149.202.88.193:80/announce\n' +
    '\n' +
    'http://95.107.48.115:80/announce\n' +
    '\n' +
    'udp://107.189.11.230:6969/announce\n' +
    '\n' +
    'udp://156.234.201.18:80/announce\n' +
    '\n' +
    'udp://109.201.134.183:80/announce\n' +
    '\n' +
    'udp://184.105.151.166:6969/announce\n' +
    '\n',
  'udp://tracker.opentrackr.org:1337/announce\n' +
    '\n' +
    'udp://opentracker.i2p.rocks:6969/announce\n' +
    '\n' +
    'https://opentracker.i2p.rocks:443/announce\n' +
    '\n' +
    'udp://tracker.openbittorrent.com:6969/announce\n' +
    '\n' +
    'http://tracker.openbittorrent.com:80/announce\n' +
    '\n' +
    'udp://9.rarbg.com:2810/announce\n' +
    '\n' +
    'udp://open.demonii.com:1337/announce\n' +
    '\n' +
    'udp://exodus.desync.com:6969/announce\n' +
    '\n' +
    'udp://open.stealth.si:80/announce\n' +
    '\n' +
    'udp://tracker.torrent.eu.org:451/announce\n' +
    '\n' +
    'udp://ipv4.tracker.harry.lu:80/announce\n' +
    '\n' +
    'https://tracker2.ctix.cn:443/announce\n' +
    '\n' +
    'https://tracker1.520.jp:443/announce\n' +
    '\n' +
    'https://tracker.tamersunion.org:443/announce\n' +
    '\n' +
    'http://vps02.net.orel.ru:80/announce\n' +
    '\n' +
    'udp://tracker.moeking.me:6969/announce\n' +
    '\n' +
    'udp://tracker1.bt.moack.co.kr:80/announce\n' +
    '\n' +
    'udp://tracker-udp.gbitt.info:80/announce\n' +
    '\n' +
    'udp://explodie.org:6969/announce\n' +
    '\n' +
    'https://tracker.gbitt.info:443/announce\n' +
    '\n'
]
[2023-03-27 00:09:41.716] [error] [Motrix] Uncaught exception: cb is not a function
[2023-03-27 00:09:41.748] [error] TypeError: cb is not a function
    at /usr/lib/motrix/app.asar/node_modules/@motrix/nat-api/index.js:336:7
    at /usr/lib/motrix/app.asar/node_modules/@motrix/nat-api/lib/upnp/device.js:61:11
    at Parser.<anonymous> (/usr/lib/motrix/app.asar/node_modules/xml2js/lib/parser.js:304:18)
    at Parser.emit (events.js:315:20)
    at SAXParser.onclosetag (/usr/lib/motrix/app.asar/node_modules/xml2js/lib/parser.js:262:26)
    at emit (/usr/lib/motrix/app.asar/node_modules/sax/lib/sax.js:624:35)
    at emitNode (/usr/lib/motrix/app.asar/node_modules/sax/lib/sax.js:629:5)
    at closeTag (/usr/lib/motrix/app.asar/node_modules/sax/lib/sax.js:889:7)
    at SAXParser.write (/usr/lib/motrix/app.asar/node_modules/sax/lib/sax.js:1436:13)
    at Parser.exports.Parser.Parser.parseString (/usr/lib/motrix/app.asar/node_modules/xml2js/lib/parser.js:323:31)
[2023-03-27 00:09:45.898] [error] [Motrix] Uncaught exception: cb is not a function
[2023-03-27 00:09:45.899] [error] TypeError: cb is not a function
    at /usr/lib/motrix/app.asar/node_modules/@motrix/nat-api/index.js:324:16
    at /usr/lib/motrix/app.asar/node_modules/@motrix/nat-api/lib/upnp/index.js:24:23
    at Timeout._onTimeout (/usr/lib/motrix/app.asar/node_modules/@motrix/nat-api/lib/upnp/index.js:193:7)
    at listOnTimeout (internal/timers.js:549:17)
    at processTimers (internal/timers.js:492:7)
[2023-03-27 00:09:47.137] [error] [Motrix] Uncaught exception: cb is not a function
[2023-03-27 00:09:47.138] [error] TypeError: cb is not a function
    at /usr/lib/motrix/app.asar/node_modules/@motrix/nat-api/index.js:324:16
    at /usr/lib/motrix/app.asar/node_modules/@motrix/nat-api/lib/upnp/index.js:24:23
    at Timeout._onTimeout (/usr/lib/motrix/app.asar/node_modules/@motrix/nat-api/lib/upnp/index.js:193:7)
    at listOnTimeout (internal/timers.js:549:17)
    at processTimers (internal/timers.js:492:7)
[2023-03-27 00:09:47.967] [error] [Motrix] Uncaught exception: cb is not a function
[2023-03-27 00:09:47.967] [error] TypeError: cb is not a function
    at /usr/lib/motrix/app.asar/node_modules/@motrix/nat-api/index.js:324:16
    at /usr/lib/motrix/app.asar/node_modules/@motrix/nat-api/lib/upnp/index.js:24:23
    at Timeout._onTimeout (/usr/lib/motrix/app.asar/node_modules/@motrix/nat-api/lib/upnp/index.js:193:7)
    at listOnTimeout (internal/timers.js:549:17)
    at processTimers (internal/timers.js:492:7)
[2023-04-05 16:46:47.986] [warn]  [Motrix] Logger init
[2023-04-05 16:46:55.847] [warn]  [Motrix] auto sync tracker data: [
  'udp://93.158.213.92:1337/announce\n' +
    '\n' +
    'udp://23.137.251.45:6969/announce\n' +
    '\n' +
    'udp://45.154.253.10:6969/announce\n' +
    '\n' +
    'udp://185.44.82.25:1337/announce\n' +
    '\n' +
    'http://45.154.253.10:80/announce\n' +
    '\n' +
    'udp://151.80.120.113:2810/announce\n' +
    '\n' +
    'udp://208.83.20.20:6969/announce\n' +
    '\n' +
    'udp://185.181.60.155:80/announce\n' +
    '\n' +
    'udp://91.216.110.53:451/announce\n' +
    '\n' +
    'udp://107.189.11.58:6969/announce\n' +
    '\n' +
    'udp://156.234.201.18:80/announce\n' +
    '\n' +
    'udp://178.170.48.154:1337/announce\n' +
    '\n' +
    'udp://109.201.134.183:80/announce\n' +
    '\n' +
    'udp://185.134.22.3:6969/announce\n' +
    '\n' +
    'udp://198.100.149.66:6969/announce\n' +
    '\n',
  'udp://tracker.opentrackr.org:1337/announce\n' +
    '\n' +
    'udp://opentracker.i2p.rocks:6969/announce\n' +
    '\n' +
    'https://opentracker.i2p.rocks:443/announce\n' +
    '\n' +
    'udp://tracker.openbittorrent.com:6969/announce\n' +
    '\n' +
    'udp://open.demonii.com:1337/announce\n' +
    '\n' +
    'http://tracker.openbittorrent.com:80/announce\n' +
    '\n' +
    'udp://9.rarbg.com:2810/announce\n' +
    '\n' +
    'udp://open.tracker.cl:1337/announce\n' +
    '\n' +
    'udp://exodus.desync.com:6969/announce\n' +
    '\n' +
    'udp://open.stealth.si:80/announce\n' +
    '\n' +
    'udp://tracker.torrent.eu.org:451/announce\n' +
    '\n' +
    'udp://tracker.moeking.me:6969/announce\n' +
    '\n' +
    'https://tracker.tamersunion.org:443/announce\n' +
    '\n' +
    'udp://tracker1.bt.moack.co.kr:80/announce\n' +
    '\n' +
    'udp://tracker.bitsearch.to:1337/announce\n' +
    '\n' +
    'udp://tracker-udp.gbitt.info:80/announce\n' +
    '\n' +
    'https://tracker.gbitt.info:443/announce\n' +
    '\n' +
    'http://tracker.gbitt.info:80/announce\n' +
    '\n' +
    'udp://tracker.altrosky.nl:6969/announce\n' +
    '\n' +
    'udp://movies.zsw.ca:6969/announce\n' +
    '\n'
]
